20221018	20:40:38	3ca6cc16-9df1-4ff8-b7d7-63c6956d0a2e	GET	undefined	/ads

20221018	20:40:44	047d594a-3cab-4ee0-bb5e-d3e88223c8ef	GET	undefined	/ads

20221018	20:40:47	7247c525-1430-469b-bf7a-985086d9a97f	GET	undefined	/ads

20221018	20:41:03	056227d2-f326-4343-8d79-586d9f0692f6	DELETE	undefined	/ads

20221018	20:41:14	8b5e3f2c-8f9b-4b27-a5e4-cb8b18e98cb1	DELETE	undefined	/ads

20221018	20:41:22	1b0be914-80b2-41d4-9355-0cb67d3c8543	DELETE	undefined	/ads

20221018	20:41:24	0d6e33c3-5e81-416c-bb45-664139dc6529	GET	undefined	/ads

20221018	20:41:26	c30cf6b5-399d-4062-9162-54f033d416ff	GET	undefined	/ads

20221018	20:41:44	f3f22495-0aa0-44a7-80fd-189420bd6399	GET	undefined	/ads/

20221018	20:41:47	2500afd9-59a7-4b71-8224-8651e295e7e9	GET	undefined	/ads/

20221018	20:41:48	419d49d9-7cbf-4abe-9310-4be07884c476	GET	undefined	/ads/

20221018	20:41:49	b2895eba-39a6-440d-9cc4-9a2ae9a02654	GET	undefined	/ads/

20221018	20:41:49	480b6e82-d9f7-4fe7-a4d4-0058251839af	GET	undefined	/ads/

20221018	20:41:50	8519e9a0-5191-438e-b4d3-d719e603d230	GET	undefined	/ads/

20221018	20:41:52	9a8c09a9-8fc0-4712-abc8-b8e11aa3e16c	GET	undefined	/ads

20221018	20:41:56	6797e1db-18f8-400c-b64d-477d2bcdce54	GET	undefined	/

20221018	20:41:56	8c57f832-78ee-4bbc-9fae-10a70b2ca847	GET	undefined	/css/style.css

20221018	20:41:56	afd4e66d-5fe1-40d1-92e8-18745ccff123	GET	undefined	/img/amp.jpg

20221018	21:16:31	f04bae7c-35b2-4b70-9d23-717ee257f9b7	GET	undefined	/ad

20221018	21:16:38	e0075a99-8c5c-40bb-9319-a8fb2fc1073f	GET	undefined	/ads

20221018	21:18:28	3c1013a0-7723-42ab-a658-17ce76a51115	GET	undefined	/

20221018	21:18:28	8071e25e-ebeb-4f50-b54e-3a8c4fe605c7	TypeError: scrape is not a function

20221018	21:19:34	0265081f-3db8-46a6-8011-4960d4c4181a	GET	undefined	/

20221018	21:19:34	9aacdc35-3019-489a-97d0-ffea4a0a01bb	GET	undefined	/css/style.css

20221018	21:19:34	296ab853-ef22-4e50-903c-7ecfdfd9cb8f	GET	undefined	/img/amp.jpg

20221018	21:20:25	795f958d-a015-4c19-a98e-bbd1fff30a12	GET	undefined	/

20221018	21:20:25	8da8437e-17e8-44bd-bf16-cae28394c2ad	GET	undefined	/css/style.css

20221018	21:20:25	056f538a-c5a3-43f6-a50c-9940525e3774	GET	undefined	/img/amp.jpg

20221018	21:20:28	f23991b7-a89f-45d9-a619-f87f9f6024f3	GET	undefined	/

20221018	21:20:28	7c940749-673e-42c3-b7bc-115b6e0f8822	GET	undefined	/css/style.css

20221018	21:20:28	7f2b75c8-4fae-452d-ae3c-d93d68399ef4	GET	undefined	/img/amp.jpg

20221018	21:20:30	6acea1b9-6a10-4d45-be17-f661c2f5754b	GET	undefined	/

20221018	21:20:30	cb447cd9-f470-4b31-9b9c-74a53bcc6520	GET	undefined	/css/style.css

20221018	21:20:30	3ee00e93-e5a8-453c-9a58-d661ee9d0c33	GET	undefined	/img/amp.jpg

20221018	21:20:31	3b299867-1384-49b1-badb-47588207f1af	GET	undefined	/

20221018	21:20:31	7aa18c75-d865-4fd9-87d5-e14fe8fecbd3	GET	undefined	/img/amp.jpg

20221018	21:20:31	244cc3f2-f00e-4af9-93ec-da3de86db0af	GET	undefined	/css/style.css

20221018	21:21:53	cabe17a2-d5a2-47a9-83db-604f55d37fff	GET	undefined	/

20221018	21:21:53	9cafb3b1-19d0-45e9-8a1d-8b1cf5d39e00	GET	undefined	/css/style.css

20221018	21:21:53	23324281-19e8-4cb1-b03e-a877e115324a	GET	undefined	/img/amp.jpg

20221018	21:57:10	192d929d-ff30-481d-bde1-3bbd4f8ac2a7	GET	undefined	/

20221018	21:57:10	3ffd0bab-6c34-4a9a-a918-49054c0ca453	GET	undefined	/css/style.css

20221018	21:57:10	09b7a8ed-2542-4913-92ed-d2e1c1354ace	GET	undefined	/img/amp.jpg

20221018	21:57:42	255153d9-4c9f-4941-9a74-dea7419500f6	GET	undefined	/

20221018	21:57:42	9f06a977-ca21-499b-9392-49332aa2b283	GET	undefined	/css/style.css

20221018	21:57:42	55e9891c-51c4-4740-b6d6-bba933148bb7	GET	undefined	/img/amp.jpg

20221018	21:57:50	43b2d3bc-c586-479f-b2c3-51d147067c85	GET	undefined	/ads

20221018	21:58:26	29e534eb-078a-45a4-af02-70249cefe5bc	GET	undefined	/ads

20221018	21:58:29	29b47a2b-5bd9-414e-9aec-46da2e4cc9f9	GET	undefined	/ads

20221018	21:58:45	5728a4db-e409-46cb-8ec9-0eb86d75a60a	GET	undefined	/ads

20221018	21:58:46	7ace30db-069a-4906-b718-3f9f74318ff0	GET	undefined	/ads

20221018	21:58:47	dcdaa748-2806-4a2c-838b-a096aae9680d	GET	undefined	/ads

20221018	21:58:51	a69d0f39-d0c8-4023-86c3-95609ac77cba	GET	undefined	/

20221018	21:58:51	54cc4bce-dd46-4caa-903a-29fec08d37c8	GET	undefined	/css/style.css

20221018	21:58:51	d41cd930-d6e8-49b8-a175-a1cb24241a1d	GET	undefined	/img/amp.jpg

20221018	21:58:54	9ff4ce65-be99-4dd8-8e8b-796aaf3014bf	GET	undefined	/ads

20221018	21:59:07	379e9a5e-ce86-4844-8ed7-83914d3bbf0c	GET	undefined	/ads

20221018	21:59:20	84004549-b941-4a65-a2bc-fec7763b8f97	GET	undefined	/ads

20221018	22:04:42	34d1c192-5264-4967-bbd8-6cb7c5f648f1	GET	undefined	/ads

20221018	22:04:51	e44804a7-ce0d-4916-a681-d859b5a16ccd	GET	undefined	/ads

20221018	22:04:56	8871224d-76f0-4415-8527-3f0e81641f65	GET	undefined	/

20221018	22:04:56	faa9a0da-8c0f-4d2a-99f8-f81b14d0002d	GET	undefined	/css/style.css

20221018	22:04:56	c1495964-30c9-47b9-94f0-d73d9282e362	GET	undefined	/img/amp.jpg

20221018	22:04:59	06cffb93-71d1-4d39-b2bd-2d58148f9d3d	GET	undefined	/ads

20221018	22:26:52	2d1c5dbb-64a3-44a6-aa31-c80543127c6c	GET	http://localhost:3000	/ads

20221018	22:26:52	2b99c818-2879-4578-9075-bd094d507246	GET	http://localhost:3000	/ads

20221018	22:26:55	8859e93e-5a96-4db4-b344-a87835511270	GET	http://localhost:3000	/ads

20221018	22:26:55	b8df5c7d-b2c7-4d7f-8219-7d7655f927ff	GET	http://localhost:3000	/ads

20221018	22:26:56	9bdfc0fa-5751-4aac-9fba-4dc5ff210cdb	GET	http://localhost:3000	/ads

20221018	22:26:56	e4e6f316-8c9a-4f12-978e-204caada95e4	GET	http://localhost:3000	/ads

20221018	22:27:17	3240cbb8-da49-4765-8617-65b7490009ea	GET	http://localhost:3000	/ads

20221018	22:27:17	7f8544f6-cfa8-4ae6-aaa3-7af30258435e	GET	http://localhost:3000	/ads

20221018	22:28:31	5ce6f17f-912a-45a5-9995-a3dbd8fd5923	GET	http://localhost:3000	/ads

20221018	22:28:31	ec0277b5-12f3-4790-b2c6-e483b2416771	GET	http://localhost:3000	/ads

20221018	22:28:32	dbe19811-92b7-4ef7-a5f4-5c464a6f3d15	GET	http://localhost:3000	/ads

20221018	22:28:32	9c7cbbbb-1b5b-4907-938d-83b541e62845	GET	http://localhost:3000	/ads

20221018	22:30:06	09cc3e63-99c3-4fc9-a11b-395f8c61013c	GET	http://localhost:3000	/ads

20221018	22:30:06	f8ebdee8-2463-4b9e-8cb7-998fb4ae46b2	GET	http://localhost:3000	/ads

20221018	22:30:56	312f7a2a-0e7d-4508-a15b-eac9412237ab	GET	http://localhost:3000	/ads

20221018	22:30:56	caf82470-a6fe-48ab-95b6-4079154a78d7	GET	http://localhost:3000	/ads

20221018	22:35:10	cbd63748-c64b-4e3f-9216-c9e84ff1d46a	GET	http://localhost:3000	/ads

20221018	22:35:10	fe5e7cd6-7605-47a8-ae04-49cc3387a1f1	GET	http://localhost:3000	/ads

20221018	22:36:30	9b5f2e33-f8c1-4fcf-bbee-1e9f4b429599	GET	http://localhost:3000	/ads

20221018	22:36:30	06f96fe8-7c3b-4c0d-a116-5b11d2e929eb	GET	http://localhost:3000	/ads

20221018	22:36:45	62091058-d3da-41a3-b9d5-dbfab7660190	GET	http://localhost:3000	/ads

20221018	22:36:47	cb9a7690-9472-477c-977d-c35c51f1a696	GET	http://localhost:3000	/ads

20221018	22:36:48	e1da2c19-bedc-4c13-9491-504df9dc4b8d	GET	http://localhost:3000	/ads

20221018	22:36:48	e7da6880-9509-4012-9b66-b95b0e1f4904	GET	http://localhost:3000	/ads

20221018	22:36:55	5af0904d-1bad-407b-a233-a38f6b57fca9	GET	http://localhost:3000	/ads

20221018	22:49:29	b4e4a1b0-6e56-4640-be8c-ae7bd6a29890	GET	http://localhost:3000	/ads

20221018	22:49:29	12bcb0f6-0208-42bd-bd3e-48eb7c559b42	GET	http://localhost:3000	/ads

20221018	22:49:30	74123fb4-452d-4f26-912e-363663bed797	GET	http://localhost:3000	/ads

20221018	22:49:30	f8ba2a78-66f0-4c72-95c4-ba4cf555dc3d	GET	http://localhost:3000	/ads

20221018	22:50:02	74c06db7-3a74-49e9-948c-ad9afb480b98	GET	http://localhost:3000	/ads

20221018	22:50:02	cd058913-9d61-497a-ad7b-bc3596697ce5	GET	http://localhost:3000	/ads

20221018	22:50:03	543a91f3-4613-44f4-870b-7414363ec462	GET	http://localhost:3000	/ads

20221018	22:50:03	7a8c1f8c-9496-445a-ba8e-a64368fa9d16	GET	http://localhost:3000	/ads

20221018	22:50:05	6aaad297-fc97-4070-98f8-42b7af242b94	GET	http://localhost:3000	/ads

20221018	22:50:05	8dc50294-2bab-43c5-8aa5-3d265b093c27	GET	http://localhost:3000	/ads

20221018	22:50:06	e9ac8ee9-166b-4d11-997a-d478fde3cb66	GET	http://localhost:3000	/ads

20221018	22:50:06	145e317c-2b53-4cd7-944b-9656e0607aae	GET	http://localhost:3000	/ads

20221018	22:50:10	086d0c12-461a-464c-ba98-755fe3103270	GET	http://localhost:3000	/ads

20221018	22:50:10	62240dae-7bc1-4824-a6fd-397400957734	GET	http://localhost:3000	/ads

20221018	22:54:07	7faacee8-333d-4acc-bd15-41d5376a485e	GET	http://localhost:3000	/ads

20221018	22:54:07	1ed2aaaf-5eac-414c-b919-afadb00c780f	GET	http://localhost:3000	/ads

20221018	22:54:13	c6975bf8-c375-4c16-85c0-89b433de9a36	GET	http://localhost:3000	/ads

20221018	22:54:13	6a32a2ae-36b0-4164-aa9f-0f0612e9de7c	GET	http://localhost:3000	/ads

20221018	22:54:18	86e8a315-e82b-4beb-9862-a7a04dbbf366	GET	http://localhost:3000	/ads

20221018	22:54:18	f9fe8afb-eb65-4278-b6e2-598d876b596f	GET	http://localhost:3000	/ads

20221018	22:54:19	f4c9d81e-8a64-43d1-a152-6c97671a2881	GET	http://localhost:3000	/ads

20221018	22:54:19	645f6971-ef13-4ab4-9ea6-df6235a15e52	GET	http://localhost:3000	/ads

20221018	22:54:35	a0a4d123-aef3-42df-8872-f1f23208df70	GET	undefined	/ads

20221018	22:54:38	c056a60e-a386-4b29-b235-fe05df72f056	GET	undefined	/ads

20221018	22:54:40	0d2430e6-7c4a-48c0-b86e-ef5aceafed0b	GET	undefined	/ads

20221018	22:54:49	20609c28-cacf-4dc0-ab68-11db76d78cd7	GET	http://localhost:3000	/ads

20221018	22:54:49	9ad9a0c6-6729-4e4e-85b4-85c49f3c1f0e	GET	http://localhost:3000	/ads

20221018	22:55:11	99f9ec11-8b19-42cf-b58c-7595a1fee916	GET	http://localhost:3000	/ads

20221018	22:55:11	d2df6c10-7337-4760-b0b3-4984809d58f4	GET	http://localhost:3000	/ads

20221018	22:55:12	f509878f-4fa1-4f81-b0f3-41df2ed09709	GET	http://localhost:3000	/ads

20221018	22:55:12	97d3a735-7fe4-4697-9689-5c842b6e7a69	GET	http://localhost:3000	/ads

20221018	22:56:47	ce9c1dff-abed-4fa5-9f13-1185833cc793	GET	http://localhost:3000	/ads

20221018	22:56:47	7f7d5316-0f2b-4132-8a09-6f988042f476	GET	http://localhost:3000	/ads

20221018	22:56:48	6185c417-75e7-4d99-8fc0-516c8ad85cb8	GET	http://localhost:3000	/ads

20221018	22:56:48	366eddcd-e42a-4a26-9d72-515ca3cb4334	GET	http://localhost:3000	/ads

20221018	22:58:03	7cad6f24-b24f-4e4a-8ed0-41bfca88f65f	GET	http://localhost:3000	/ads

20221018	22:58:03	317b242f-290b-496f-9b9d-eca600f1e860	GET	http://localhost:3000	/ads

20221018	22:58:04	5439a5a5-56de-4923-b281-3abb6b1704c7	GET	http://localhost:3000	/ads

20221018	22:58:04	7ca36638-de09-40e5-9baf-210bd5433f60	GET	http://localhost:3000	/ads

20221018	22:58:15	40fe6cda-e5e6-497d-a7f7-43e7725e3869	GET	http://localhost:3000	/ads

20221018	22:58:15	98a91b73-1443-47d5-a725-7ea2ec53ece9	GET	http://localhost:3000	/ads

20221018	22:58:19	d4b1b3b1-84b8-4da1-95d6-88f4ae61626d	GET	http://localhost:3000	/ads

20221018	22:58:19	93ed481d-b26f-48de-8ad0-da47112088ec	GET	http://localhost:3000	/ads

20221018	23:01:11	c6622f6a-9565-4599-8806-9c11c6de7289	GET	http://localhost:3000	/ads

20221018	23:01:50	13c7947a-4a9b-463d-bfce-1ee19e4603f9	GET	http://localhost:3000	/ads

20221018	23:02:27	1f958b70-a93d-4566-b189-74a2b70e0fd4	GET	http://localhost:3000	/ads

20221018	23:03:07	b7490b4f-c74c-4709-af9c-623058f5ed29	GET	http://localhost:3000	/ads

20221018	23:03:07	e1798706-7aec-4842-afa4-efb27e73390e	GET	undefined	/ads

20221018	23:03:29	cd70516f-2ae5-4f5b-87a7-78c241d44d65	GET	http://localhost:3000	/ads

20221018	23:05:50	3f01b5c7-3d69-4761-bdaf-d943a405fe33	GET	http://localhost:3000	/ads

20221018	23:05:50	d5a08bd2-6b18-47f8-8942-1d307761641c	GET	http://localhost:3000	/ads

20221018	23:05:59	56116c24-d60c-418d-a822-5b8bef9002b3	GET	http://localhost:3000	/ads

20221018	23:05:59	ed7f35c3-5d4c-4f67-8fde-623053b55b18	GET	http://localhost:3000	/ads

20221018	23:06:02	41bb8f09-2595-4b5c-a7ca-fdcebbb2a4b4	GET	http://localhost:3000	/ads

20221018	23:06:02	9cb50847-a376-4b6b-9288-a8248215d8c3	GET	http://localhost:3000	/ads

20221018	23:06:41	c9f75ec8-55f6-4c06-9384-6a171e0c5373	GET	http://localhost:3000	/ads

20221018	23:06:41	0e9a0658-a48a-454e-a56b-819e6541a63b	GET	http://localhost:3000	/ads

20221018	23:06:58	ec080ffb-d8f7-4e4e-8a4a-7d0ed5f5d8dd	GET	http://localhost:3000	/ads

20221018	23:06:58	a921a66a-41e4-43ee-91da-1f5395649ca2	GET	http://localhost:3000	/ads

20221018	23:07:05	111aa0b3-9df7-41c2-83e2-248fd493f6d9	GET	http://localhost:3000	/ads

20221018	23:07:05	d30e81c8-737b-4863-a85c-4ae73256d1fe	GET	http://localhost:3000	/ads

20221018	23:11:53	84de4f1c-566a-4a53-83a8-9e350e4b4a53	GET	http://localhost:3000	/ads

20221018	23:12:05	e73b2ee5-cec9-48a7-87b2-b63cf315dea1	GET	http://localhost:3000	/ads

20221018	23:12:21	de6002fa-357a-4fd3-910a-350aa1edfe63	GET	http://localhost:3000	/ads

20221018	23:12:21	6384dbf8-655a-448a-85a4-441ded99cd03	GET	http://localhost:3000	/ads

20221018	23:12:21	1c2da274-173d-4bc5-9713-7c449ca97215	GET	http://localhost:3000	/ads

20221018	23:12:21	ae8a67df-405c-43a0-af58-66d6b32165a4	GET	http://localhost:3000	/ads

20221018	23:12:31	99d8aa93-e0c0-4155-af1c-615097ff38c1	GET	http://localhost:3000	/ads

20221018	23:12:31	b5cb12bc-31d0-4b67-8dd5-38063817f06b	GET	http://localhost:3000	/ads

20221018	23:13:04	3e84c350-327e-4758-91fa-1f01e8d59cad	GET	http://localhost:3000	/ads

20221018	23:13:04	ad8b4661-8806-4d07-978b-741acf025c36	GET	http://localhost:3000	/ads

20221018	23:13:06	7652f706-bf9d-46ef-9fd5-1bf9d79d4786	GET	http://localhost:3000	/ads

20221018	23:13:06	8376aa05-cbc9-44db-aac8-03f37cbc15f1	GET	http://localhost:3000	/ads

20221018	23:13:16	fb5b6d0d-bcab-4a31-9d02-6390431baac4	GET	http://localhost:3000	/ads

20221018	23:13:16	4218f9c5-0b57-4b89-9c53-15c9b9df86cd	GET	http://localhost:3000	/ads

20221018	23:13:19	f29d7814-cb4d-4c5f-ac2e-01638dd99f56	GET	http://localhost:3000	/ads

20221018	23:13:19	2ccb61c6-f061-4eb7-aa19-d6a37f9332c4	GET	http://localhost:3000	/ads

20221018	23:13:21	295efdd9-f456-4cc7-a665-2c94b4994d45	GET	http://localhost:3000	/ads

20221018	23:13:21	38421cd6-ff98-43e4-b83e-c967c3651940	GET	http://localhost:3000	/ads

20221018	23:13:40	d58ea32e-546c-4f93-8c49-7d2c3614623a	GET	http://localhost:3000	/ads

20221018	23:13:40	146b3e53-26a3-471b-9cf3-8ba0f4a11a7f	GET	http://localhost:3000	/ads

20221018	23:14:00	e34bf8c1-e91f-4f74-9883-b9aee7afed1d	GET	http://localhost:3000	/ads

20221018	23:14:00	d6a439a6-8486-4bad-ae0e-88869f590b00	GET	http://localhost:3000	/ads

20221018	23:14:39	bb9334b4-83e8-49d3-8cc5-167b4239ab0a	GET	http://localhost:3000	/ads

20221018	23:14:41	0c390cb1-b0c6-4170-b41a-bf344be0e6a2	GET	http://localhost:3000	/ads

20221018	23:14:41	8a71896c-22fa-4068-830d-1e340887098d	GET	http://localhost:3000	/ads

20221018	23:15:44	f3cef26e-0757-427d-be58-e6484c4728d1	GET	http://localhost:3000	/ads

20221018	23:15:44	87f6393f-f1f6-4f03-a91f-033ec551f26b	GET	http://localhost:3000	/ads

20221018	23:16:35	4e7dc93e-615a-4473-a5cd-4cb04933fde7	GET	http://localhost:3000	/ads

20221018	23:16:45	bd5e8467-3ecd-4a9a-8707-86e798e83284	GET	http://localhost:3000	/ads

20221018	23:17:12	d1b238eb-766d-48f2-a54c-7a0fd06aba47	GET	http://localhost:3000	/ads

20221018	23:17:12	c5f6cc5f-7048-4ff5-8deb-919ad0416f9f	GET	http://localhost:3000	/ads

20221018	23:17:22	7e19db53-25b9-4948-b048-7be28d6ca5d9	GET	http://localhost:3000	/ads

20221018	23:17:22	2971fa3f-e275-4182-8c62-21b5780ea124	GET	http://localhost:3000	/ads

20221018	23:18:55	091eff75-151e-469f-9cb0-ccf6027efa47	GET	http://localhost:3000	/ads

20221018	23:18:57	50683543-4b85-4645-94a0-208db2d3e7c6	GET	http://localhost:3000	/ads

20221018	23:18:57	5fc126c7-8219-481a-817f-9ec0be87a550	GET	http://localhost:3000	/ads

20221018	23:18:57	6f9b5c16-b7bd-4dca-8412-67efac5da9bd	GET	http://localhost:3000	/ads

20221018	23:18:57	f8f8f02a-9627-456e-8648-e74cab6f5c5b	GET	http://localhost:3000	/ads

20221018	23:21:40	933bca34-ccb2-451e-a55b-caab404ad176	GET	http://localhost:3000	/ads

20221018	23:21:40	543e077e-b373-49c1-8b0c-5cc7c3681eed	GET	http://localhost:3000	/ads

20221018	23:23:21	69c7b049-5c7f-4ef8-82f9-a25c5ae0ae95	GET	http://localhost:3000	/ads

20221018	23:23:21	c9275b8f-e9ca-44fc-a674-dd16a99e0725	GET	http://localhost:3000	/ads

20221018	23:24:03	d92de772-4def-44d0-a88e-6bf765295655	GET	http://localhost:3000	/ads

20221018	23:24:03	9f6503df-52a5-48d8-8ed8-54a44a148614	GET	http://localhost:3000	/ads

20221018	23:24:35	cbed0bbc-08f7-46a0-bfc1-73e06c4a3e0e	GET	http://localhost:3000	/ads

20221018	23:24:35	b278cec8-0939-47fb-a190-b9ecc0e48f2e	GET	http://localhost:3000	/ads

20221018	23:25:00	37e57b04-d465-43d0-baf2-413a8cfb09ce	GET	http://localhost:3000	/ads

20221018	23:25:00	569ce9f3-95e0-4b91-a5d0-23320de43113	GET	http://localhost:3000	/ads

20221018	23:25:31	55c1694a-9590-4d60-82b6-e0f3e7d7850f	GET	http://localhost:3000	/ads

20221018	23:25:31	a9607502-b689-4018-ae51-765437afb45f	GET	http://localhost:3000	/ads

20221018	23:25:43	35e179f9-7eef-4de5-9e80-68ff1a5a87d3	GET	http://localhost:3000	/ads

20221018	23:25:43	1bedb44d-c7b1-4c5e-8e57-f857e0515de0	GET	http://localhost:3000	/ads

20221018	23:26:38	19c9ad06-f505-495b-801d-5f318d2547ae	GET	http://localhost:3000	/ads

20221018	23:26:38	c76db2d1-f271-438a-9c9c-698732de4417	GET	http://localhost:3000	/ads

20221018	23:26:59	b9e22e90-630c-467a-b391-d95a4dd0902b	GET	http://localhost:3000	/ads

20221018	23:26:59	f80996bc-582e-415f-b1d8-b177fad59d98	GET	http://localhost:3000	/ads

20221018	23:27:00	8c16b95e-2cc0-471b-b1a3-622eb6920d13	GET	http://localhost:3000	/ads

20221018	23:27:00	c8c4ab9c-136a-4211-a570-80cc7371f71a	GET	http://localhost:3000	/ads

20221018	23:27:09	5564349e-a0fc-4b0c-8961-b743d112ba84	GET	undefined	/ads

20221018	23:27:28	aaf673de-ccb9-4f8c-95d3-23a13a6f6680	GET	undefined	/ads

20221018	23:27:29	295e1318-95b5-4e29-81b4-3c74bc8bf6db	GET	undefined	/ads

20221018	23:28:16	a9d49d22-b3e9-4bfb-a2c2-34eb80e66e66	POST	undefined	/ads

20221018	23:28:25	3cd68ea9-5579-4847-a6bf-9e6fc23ae13f	GET	undefined	/ads

20221018	23:29:20	dfbb3fb4-2d3b-414b-ae61-1ac54ad07ce4	GET	http://localhost:3000	/ads

20221018	23:29:20	e19905d3-6fcd-4f49-a947-0bd3e9a68229	GET	http://localhost:3000	/ads

20221018	23:30:46	18ae059b-9dc2-45b4-8c0a-c15ad5f5ca7a	GET	http://localhost:3000	/ads

20221018	23:30:46	ba29dd9b-ba7b-48c8-98eb-7c92e1fc0b25	GET	http://localhost:3000	/ads

20221018	23:30:49	76a03b21-bc1e-453a-859c-17ae8c5c82f1	GET	http://localhost:3000	/ads

20221018	23:30:49	8349877c-bba3-4730-8a51-b4b3f794621a	GET	http://localhost:3000	/ads

20221018	23:32:24	4670f6b2-6ed0-439b-a3b5-c82e640d9731	GET	http://localhost:3000	/ads

20221018	23:32:32	8f6801d1-0d88-491a-b0da-0056eeaeb81c	GET	http://localhost:3000	/ads

20221018	23:36:20	6e484ecc-0fc0-4b56-a196-04c1eb104b9b	GET	http://localhost:3000	/ads

20221018	23:36:20	5e70d89f-d824-4cfe-8498-f7f68a3fdcd6	GET	http://localhost:3000	/ads

20221018	23:37:42	cf9ba328-1e53-423a-91e8-7ec1c2bf1273	GET	http://localhost:3000	/ads

20221018	23:37:53	28612fd8-fe2a-4647-a162-3ca87305f349	GET	http://localhost:3000	/ads

20221018	23:40:47	7d5422b7-8ec6-4583-b7f6-0202d1981457	GET	http://localhost:3000	/ads

20221018	23:40:47	95eeaa33-d424-425a-8a90-9f2c99d8050a	GET	http://localhost:3000	/ads

20221018	23:46:01	f0065f9e-0ae3-4a69-961e-aaaeecdb9d18	GET	http://localhost:3000	/ads

20221018	23:46:01	d8abdf52-e9de-48e0-acbd-b2576a23cc33	GET	http://localhost:3000	/ads

20221018	23:46:35	fc64e6cc-95f8-45bc-b660-5eeeb391b66c	GET	http://localhost:3000	/ads

20221018	23:46:35	d3de1513-7862-451e-9e74-326624328187	GET	http://localhost:3000	/ads

20221018	23:47:30	e6871a77-a150-4884-8524-08b72cc92944	GET	http://localhost:3000	/ads

20221018	23:47:30	08b987d5-c9be-4373-9433-7e779dead64d	GET	http://localhost:3000	/ads

20221018	23:47:30	4010c0d9-a72c-46c0-934e-e409d0c675e0	GET	http://localhost:3000	/ads

20221018	23:47:30	a52a4363-6bee-4f11-a527-6f7321d02ca1	GET	http://localhost:3000	/ads

20221018	23:47:32	c0c7c0fb-6274-421a-8531-ef7e9db662a1	GET	http://localhost:3000	/ads

20221018	23:47:32	b981867e-fcf4-409c-9167-71772501d20d	GET	http://localhost:3000	/ads

20221018	23:47:33	e3f09806-0aaa-456a-acaa-482ff00ca37a	GET	http://localhost:3000	/ads

20221018	23:47:33	94f63aee-b54f-4948-a144-6370560fe8ad	GET	http://localhost:3000	/ads

20221018	23:47:57	f5216160-058c-4baa-ba31-9e486f3548c9	GET	http://localhost:3000	/ads

20221018	23:47:57	9645d773-c077-48a0-a94c-5f879555c8cf	GET	http://localhost:3000	/ads

20221018	23:47:59	886c627f-8c50-43ea-913d-8a07e4ccb8b2	GET	http://localhost:3000	/ads

20221018	23:47:59	e455acce-39b0-4571-803b-2bea6fc3af9d	GET	http://localhost:3000	/ads

20221018	23:48:00	e765846f-3e1a-4f1c-b801-89ca3279e8d0	GET	http://localhost:3000	/ads

20221018	23:48:00	64fbb905-15f8-4ca7-b6ed-3db32d58fcec	GET	http://localhost:3000	/ads

20221018	23:48:01	45e5920d-7c3a-4c87-98bb-fb8df1885561	GET	http://localhost:3000	/ads

20221018	23:48:01	2e9faed7-623c-4984-923b-84edff0e894a	GET	http://localhost:3000	/ads

20221018	23:48:24	9080688e-37f9-4ef5-a0a2-e9606a56a8e2	GET	http://localhost:3000	/ads

20221018	23:48:24	61a7fb0c-2af2-4713-9b0e-71910d7e8154	GET	http://localhost:3000	/ads

20221018	23:48:28	ae8738ed-76b7-4b14-b847-4f9ca34d3d4d	GET	http://localhost:3000	/ads

20221018	23:48:28	381f1158-beba-4af4-a032-bbaab203a7ac	GET	http://localhost:3000	/ads

20221018	23:48:29	edb0a6a2-c265-4b8e-bcb5-0a4de2cd8444	GET	http://localhost:3000	/ads

20221018	23:48:29	bb4257f1-9d2e-456d-8975-7cc6e1bbf7b0	GET	http://localhost:3000	/ads

20221018	23:48:39	c621bac6-9973-4232-a9ba-1f2ee80b989e	GET	http://localhost:3000	/ads

20221018	23:48:40	2435df4d-0953-44f6-997b-6d238f7c84be	GET	http://localhost:3000	/ads

20221018	23:48:40	32910283-1a6f-49fe-a15e-a8e80f2ffd40	GET	http://localhost:3000	/ads

20221018	23:48:41	6d77acd7-abf8-4ec8-a926-ca61adbbeffc	GET	http://localhost:3000	/ads

20221018	23:48:41	23f35a74-763a-429e-9d94-3a3ac94db26b	GET	http://localhost:3000	/ads

20221018	23:48:55	20f6e38b-71e8-4542-bfd1-fdcd41245c42	GET	http://localhost:3000	/ads

20221018	23:49:11	002b8397-a1b3-4319-9c44-fdc5e7e7fe89	GET	http://localhost:3000	/ads

20221018	23:49:15	73a54891-b0c7-48a3-af24-0ea61574a207	GET	http://localhost:3000	/ads

20221018	23:49:18	b4753b0d-5b14-4bc2-8937-5df36091f281	GET	http://localhost:3000	/ads

20221018	23:49:18	55aa7f94-7b01-451e-8085-a9fbf574a6f5	GET	http://localhost:3000	/ads

20221018	23:49:30	6bc2e58d-aa17-4e70-983b-f78e536937ee	GET	http://localhost:3000	/ads

20221018	23:49:30	2db302eb-ca03-40e8-9aad-b66411bdb5e2	GET	http://localhost:3000	/ads

20221018	23:49:31	b06efe1d-df62-4602-ab90-037d0685ed10	GET	http://localhost:3000	/ads

20221018	23:49:31	334f8ce7-e91d-4153-afe0-60e40698cdcb	GET	http://localhost:3000	/ads

20221018	23:49:32	706b5044-e9b6-4a48-9200-6d0b3c71d9f6	GET	http://localhost:3000	/ads

20221018	23:49:32	9a6dab18-b8c9-4a4f-8eba-4507a9d6f5cc	GET	http://localhost:3000	/ads

20221018	23:49:36	1804f7e9-28a6-4f87-96a4-b1089319a1ed	GET	http://localhost:3000	/ads

20221018	23:49:36	7be94294-7832-4a2f-a0a5-813bee753116	GET	http://localhost:3000	/ads

20221018	23:49:36	5df7e261-ce89-44bb-83a8-ea273ea16846	GET	http://localhost:3000	/ads

20221018	23:49:36	e165dd75-f55a-460e-94bf-6045ce192173	GET	http://localhost:3000	/ads

20221018	23:50:36	98234d85-a7b2-4786-9b9d-6e2b860aebba	GET	http://localhost:3000	/ads

20221018	23:50:36	dee8a758-7ac1-491e-9201-315287caf041	GET	http://localhost:3000	/ads

20221018	23:50:39	17f43768-f8d7-446f-9f3e-7593fb1a49b2	GET	http://localhost:3000	/ads

20221018	23:50:39	9427b7e3-cba9-4e5a-b343-e6ed8cca8821	GET	http://localhost:3000	/ads

20221018	23:51:16	27186f23-2193-4e43-b20c-de848c164b8a	GET	http://localhost:3000	/ads

20221018	23:51:16	611f7255-cc10-4953-ad9d-0c87136431b1	GET	http://localhost:3000	/ads

20221018	23:51:17	f5add1e4-0294-43d7-927e-ad9a0690428e	GET	http://localhost:3000	/ads

20221018	23:51:17	b6770cf5-5ca1-43f6-a17f-5c33c1be5310	GET	http://localhost:3000	/ads

20221018	23:51:37	e61334c4-dff8-441c-b185-300bf39fb753	GET	http://localhost:3000	/ads

20221018	23:51:37	70940860-1b4f-4c7c-b298-fe7433618b60	GET	http://localhost:3000	/ads

20221018	23:51:41	beaf62ef-6503-4739-9caa-5f69377d43a5	GET	http://localhost:3000	/ads

20221018	23:51:41	4209f129-6ae0-481d-840f-6459f746ca9f	GET	http://localhost:3000	/ads

20221018	23:51:44	9e30280b-2d85-4249-add1-f14ce4088c08	GET	http://localhost:3000	/ads

20221018	23:51:44	c8711a05-c1f6-4816-949b-c091daef9b85	GET	http://localhost:3000	/ads

20221018	23:51:48	2a84daad-449e-4fff-97bc-944c7d980734	GET	http://localhost:3000	/ads

20221018	23:51:48	fb5f85ed-892d-40b3-a714-acea03318abf	GET	http://localhost:3000	/ads

20221018	23:51:51	55078043-198d-4135-b689-e2461c01ebf7	GET	http://localhost:3000	/ads

20221018	23:51:51	9b6fdce3-ab52-477e-8da0-45a88341b411	GET	http://localhost:3000	/ads

20221018	23:52:36	56972f4a-15d5-4176-9b23-edc7a89f7109	GET	http://localhost:3000	/ads

20221018	23:52:40	a9c71b9d-9810-4cd3-98f9-c314e06197c5	GET	undefined	/ads

20221018	23:52:42	61a8b002-d080-4f9b-8e80-fcae2c9b743b	GET	undefined	/ads

20221018	23:53:14	36cbe0a6-0e03-4530-ade9-eb8159d49e44	GET	undefined	/ads

20221018	23:53:16	a22d35a0-f07b-484e-97b6-3f537c8b7949	GET	undefined	/ads

20221018	23:53:17	a229c8b3-e919-4737-8328-46877689f4c5	GET	undefined	/ads

20221018	23:53:55	1f3d13ed-c36e-4def-a38d-2be6b2810340	GET	undefined	/ads

20221018	23:54:13	402edbd3-7a15-4659-86d6-3cfdc0f39acc	GET	undefined	/ads

20221018	23:54:20	364ea90b-88a0-4270-9a28-716fc896b857	GET	undefined	/ads

20221018	23:54:45	4a520d78-a2d5-4780-b330-191c9068b49c	GET	undefined	/ads

20221018	23:54:48	39a23c66-0750-40f3-b238-8eb51497045d	GET	undefined	/ads

20221018	23:55:32	1fc3246a-34b8-400e-87c5-3c9a1c7df8df	GET	undefined	/ads

20221018	23:55:40	3ef4791b-47ff-4fb6-b5f5-16c9f71cf98b	GET	http://localhost:3000	/ads

20221018	23:55:41	6bf2978d-e3d9-410e-8f74-026fd7db1aa1	GET	undefined	/ads

20221018	23:55:42	aed64df4-d0f5-4668-bd69-c11ff30a557f	GET	undefined	/ads

20221018	23:55:45	c174218b-6cb5-4ccd-bfe8-cd035ab0b783	GET	undefined	/img/amp.jpg

20221018	23:55:48	d10827f4-beeb-4c57-b51b-93881e0f62cf	GET	undefined	/css/style.css

20221018	23:55:49	a07cbd09-2bcf-423a-bc5a-17d2ba2d74bd	GET	undefined	/

20221018	23:55:49	3b641ad4-fc42-4e67-9cd1-6eb492e1d236	GET	undefined	/css/style.css

20221018	23:55:49	4b284dee-0b7d-455a-8b7d-860011e48267	GET	undefined	/img/amp.jpg

20221018	23:56:06	95d01e63-d9ef-44aa-b180-293a551a4abe	GET	http://localhost:3000	/ads

20221018	23:56:06	490577ef-68e1-4c88-a062-a6a01142956f	GET	http://localhost:3000	/ads

