20221101	09:54:36	79fcbdd5-0c29-44cd-8899-608b0c86774e	GET	undefined	/

20221101	09:54:36	5ca8b049-18ad-4577-9974-231170ac2cc2	GET	undefined	/css/style.css

20221101	09:54:36	17e244a0-d777-4088-95b1-f2761ab87bc2	GET	undefined	/img/amp.jpg

20221101	09:54:37	c8f18219-6c64-47f8-82af-fd2a93d090ff	GET	undefined	/

20221101	09:54:37	212d129f-47a1-4b1e-b410-1da558afd339	GET	undefined	/css/style.css

20221101	09:54:37	6aae58fb-2fb1-4ae8-85c3-cc76968040a2	GET	undefined	/img/amp.jpg

20221101	09:54:37	1d9190a7-06f5-4fc8-a390-ab8fd2de815f	GET	undefined	/favicon.ico

20221101	09:54:46	f3c616bb-5e94-48dc-a6a4-d4664b7a4239	GET	undefined	/ads

20221101	09:55:41	e8f255c8-4dfa-4625-895a-5873c86d125d	GET	http://localhost:3000	/ads

20221101	09:55:42	01d72d31-529d-47bd-b65a-317c15bac14b	GET	http://localhost:3000	/ads

20221101	09:55:43	8007c0d4-5fc9-41f0-b3fc-13751546cc4b	GET	http://localhost:3000	/ads

20221101	09:55:43	6ff2fcc5-ea0d-4085-a39e-84a60cb08ee6	GET	http://localhost:3000	/ads

20221101	09:55:44	500a8edf-253c-490c-9850-c31f95c9aa2d	GET	http://localhost:3000	/ads

20221101	09:55:44	f5a3ca9f-19d8-4cb0-8ce0-72cbc0309f14	GET	http://localhost:3000	/ads

20221101	09:56:40	0ec24c74-9c63-4218-a2b6-66628aded8dc	GET	undefined	/token?username=glen2

20221101	09:56:47	030b8fb5-1196-4fd6-8826-d6e35ed7858f	GET	undefined	/scrape

20221101	09:56:50	ac726a81-a965-4505-ae2f-6978f6505ab3	GET	undefined	/scrape

20221101	09:56:58	2fca835c-9585-415e-ba5f-fc816eba7947	GET	undefined	/

20221101	09:56:58	cd13ae8c-76d9-4ca8-8f56-9b4a1407ea2c	GET	undefined	/css/style.css

20221101	09:56:58	e098a6e2-af26-42ba-b027-8626021af243	GET	undefined	/img/amp.jpg

20221101	09:57:01	fe11f7a8-6c7c-4d8b-b569-32d0befeb4cf	GET	undefined	/scrape

20221101	09:57:05	1de95907-edfe-4f84-aeeb-ad5e95a157b8	GET	undefined	/ads

20221101	09:59:45	539a457b-d58a-4b55-8dfc-f44bb909c633	GET	http://localhost:3000	/ads

20221101	09:59:45	2d2bc8c8-de10-43a4-a7bd-79d00f7b3bfd	GET	http://localhost:3000	/ads

20221101	09:59:45	03caa517-5746-4565-b8b0-ab6c5f5c9ed4	GET	http://localhost:3000	/ads

20221101	09:59:46	ffd9cb8d-46da-47cb-bcf1-168afee071fb	GET	http://localhost:3000	/ads

20221101	10:00:43	48070c0a-fb5b-430b-8b57-43935c431c94	GET	undefined	/scrape

20221101	10:02:22	f014b2fa-1491-4236-af36-511f0dc9ccd2	GET	undefined	/scrape

20221101	10:02:24	54f00b7a-40af-4978-8e79-57f0747b8077	GET	undefined	/ads

20221101	10:02:27	15c52fcd-96b3-4879-8ecb-e16f38d1b6fc	GET	http://localhost:3000	/ads

20221101	10:02:28	fa367780-cf85-4a0c-8707-829b8490b385	GET	http://localhost:3000	/ads

20221101	10:02:29	57f8c903-d44c-4dbb-b475-ef8d4f604bd6	GET	http://localhost:3000	/ads

20221101	11:32:39	3721219f-f184-41ce-bb1d-3799ee38f084	GET	http://localhost:3000	/ads

20221101	11:32:40	1083064e-7a7f-4683-8c76-0473ffbececc	GET	http://localhost:3000	/ads

20221101	11:33:32	4de6d94a-d324-4b83-bb5d-2e262e0e21c7	GET	http://localhost:3000	/ads

20221101	11:33:32	7b6e2a7d-83f7-4d33-9e78-96efd74a0cc4	ReferenceError: kijiji is not defined

20221101	11:33:48	1a69041a-f7eb-4ab8-ab1a-f0e19efbd538	GET	http://localhost:3000	/ads

20221101	11:34:43	51a97743-2b44-48c1-9e19-9a6012bf3563	GET	http://localhost:3000	/ads

20221101	11:34:45	e0fe0527-3d5f-4292-9bd9-ef2e06223aa0	GET	http://localhost:3000	/ads

20221101	11:35:08	80a3ff07-6457-4fe2-ae0b-fac7c6a074ec	GET	http://localhost:3000	/ads

20221101	11:35:11	984e2dcf-66cc-49a0-8c95-cbc4704138ca	GET	http://localhost:3000	/ads

20221101	11:36:08	14116a40-a9ad-47fb-8734-3519c4e2159e	GET	http://localhost:3000	/ads

20221101	11:37:10	dcf535d7-1fa4-4e08-bf9c-e9f253474802	GET	undefined	/ads

20221101	11:39:03	db4e6d88-df6f-4c4d-9bde-77cb997b617e	GET	http://localhost:3000	/ads

20221101	11:39:45	caece65b-902f-4097-9d46-9ecc3cab9e42	GET	http://localhost:3000	/ads

20221101	11:43:55	7669b863-ffdf-41dd-9c68-7f7fb01c1831	GET	http://localhost:3000	/ads

20221101	11:44:09	81b27301-a6a8-4a98-b017-6912b64bc0da	GET	http://localhost:3000	/ads

20221101	11:44:13	a082f258-67a2-43d4-a989-762102d488ea	GET	http://localhost:3000	/ads

20221101	11:44:59	3ec43250-acfc-4da3-8c0e-499bd96166f8	GET	undefined	/ads

20221101	11:45:04	5198c223-d12e-4787-ad27-4a574f485f1b	GET	http://localhost:3000	/ads

20221101	11:45:32	f91cdc31-bb98-4022-a2f2-474ec4494a4c	GET	http://localhost:3000	/ads

20221101	11:45:43	15bfe5c1-6b1a-4786-bc33-a9ba6ffec660	GET	http://localhost:3000	/ads

20221101	11:45:46	ae9fcba2-3e77-445e-836d-d2c81fb89208	GET	http://localhost:3000	/ads

20221101	11:55:16	c2ce706f-5587-4bea-9cea-16078140d4b1	GET	http://localhost:3000	/ads

20221101	12:07:27	08138ad9-520f-4e14-b6ca-9e1cf79d7d85	GET	http://localhost:3000	/ads

20221101	12:08:48	0d0b3f75-7d74-459c-b8df-d3b1538d6afd	GET	http://localhost:3000	/ads

20221101	12:10:12	d19866ea-5d55-40c8-83a4-3109aba0f65e	GET	http://localhost:3000	/ads

20221101	12:11:57	0504f463-1b00-4e25-8d97-7715942edb21	GET	http://localhost:3000	/ads

20221101	12:13:07	a7006107-66bc-432e-8227-374d5d73e1ba	GET	http://localhost:3000	/ads

20221101	12:13:54	8629b62a-d25d-47d7-a9f1-51f30b2b40b9	GET	http://localhost:3000	/ads

20221101	12:28:58	d164623b-22fe-4f8b-b4ce-1443367ccb6b	GET	undefined	/ads

