20221016	19:42:08	c8de8a30-c14a-4401-84e0-3e72f8ece1c7	GET	undefined	/

20221016	19:42:08	5931cf2a-641f-44f0-8477-0506180d1b5d	GET	undefined	/scrape.js

20221016	19:42:08	55b6e57c-a601-43d9-8a9a-5574263f7655	GET	undefined	/css/style.css

20221016	19:42:08	06eda69f-42a6-474f-a67c-3f3b0703e82a	GET	undefined	/img/amp.jpg

20221016	19:44:15	fb050576-8d98-47d0-b1e4-ddd5d0d580ed	GET	undefined	/

20221016	19:44:15	ffa02712-c2bf-4be3-af59-f5d66cf42700	GET	undefined	/scrape.js

20221016	19:44:15	7ec456cb-93e7-4208-8bfe-0d6f267f61dc	GET	undefined	/css/style.css

20221016	19:44:15	814e0863-dbc4-4d7f-b63c-a18574f945e9	GET	undefined	/img/amp.jpg

20221016	19:44:18	ceeb70e7-4524-4cb7-9c41-11fce07d5e9f	GET	undefined	/

20221016	19:44:18	7e4c8b90-23a1-4bdb-b59b-38e503641429	GET	undefined	/scrape.js

20221016	19:44:18	07780206-1af1-4ba1-ac19-0e029826ea9d	GET	undefined	/css/style.css

20221016	19:44:19	f915535e-1c26-4089-9eb9-7b07f2a0d561	GET	undefined	/img/amp.jpg

20221016	19:44:36	6a6d9bc7-840a-48ae-a89e-fde81872e7f9	GET	undefined	/

20221016	19:44:36	827f2d16-2eb2-4884-a675-352b03186406	GET	undefined	/scrape.js

20221016	19:44:36	a9bce77b-e0a0-4838-a01e-4ee6a60294fc	GET	undefined	/css/style.css

20221016	19:44:36	08580070-8c2e-4cda-9bf5-e55098efa683	GET	undefined	/img/amp.jpg

20221016	19:44:37	3999b70d-77d0-4e58-8606-9fbe54788a37	GET	undefined	/

20221016	19:44:38	3be46387-f7f3-43b3-b150-dbcb1e26539b	GET	undefined	/scrape.js

20221016	19:44:38	fdec1017-408d-4f74-8e3f-cfc9513f175c	GET	undefined	/css/style.css

20221016	19:44:38	23822d95-e4da-4069-9046-97456290f815	GET	undefined	/img/amp.jpg

20221016	19:44:44	5cfb2f05-2e3c-4c04-8dc5-e0b525718ac4	GET	undefined	/

20221016	19:44:44	443b6198-2f8a-4c74-bae6-54b938595ca0	GET	undefined	/scrape.js

20221016	19:44:44	c9d0403a-22f8-4943-8fd5-f92601acbfda	GET	undefined	/css/style.css

20221016	19:44:44	766d69c1-b5ec-4fd8-a33d-75551f424499	GET	undefined	/img/amp.jpg

20221016	19:44:59	6d509a38-bd31-4b67-9c8f-d6760a6faf9d	GET	undefined	/

20221016	19:44:59	b28b6fc6-031f-47bf-9729-11a815674faf	GET	undefined	/scrape.js

20221016	19:44:59	8304df08-3713-47ca-8b6e-9d2b120153ad	GET	undefined	/css/style.css

20221016	19:44:59	3f53d8e9-2fe4-461b-bab7-4ad2022f1b7c	GET	undefined	/img/amp.jpg

20221016	19:45:00	970a8702-bd49-426a-b5c7-62a3b97009e4	GET	undefined	/

20221016	19:45:00	423b58ce-81e6-4ea1-89c9-32cfd1492d6d	GET	undefined	/scrape.js

20221016	19:45:00	ad684612-0794-43ad-97cb-48c5200df6d7	GET	undefined	/css/style.css

20221016	19:45:00	4ddca711-f717-4926-9398-72a7effccece	GET	undefined	/img/amp.jpg

20221016	19:45:09	c4575559-386c-4cac-9951-c03cfd7fb020	GET	undefined	/

20221016	19:45:09	ca6b4033-4e80-4d3d-a05e-56e5585f2940	GET	undefined	/css/style.css

20221016	19:45:09	9f3a27f0-f475-49e8-812c-98493a5ea984	GET	undefined	/img/amp.jpg

20221016	19:47:58	2d815ecb-680c-43a6-85f4-71323986e2ae	GET	undefined	/

20221016	19:47:58	4dad9518-9e72-4bbd-b3c7-ff0edfadeb77	GET	undefined	/css/style.css

20221016	19:47:58	a4e702cf-bcd4-42fe-9896-7bbdb5d4af96	GET	undefined	/img/amp.jpg

20221016	19:47:59	583172da-0bb6-456b-9c39-2d0ca19b92be	GET	undefined	/

20221016	19:47:59	5c0bf7a6-c5f9-4e62-b00c-2c0871f69505	GET	undefined	/img/amp.jpg

20221016	19:47:59	3d64f96e-0089-4ee6-8e6f-15bfda065dd0	GET	undefined	/css/style.css

20221016	19:48:06	bc682438-0801-4c58-83a5-cde95d504918	GET	undefined	/

20221016	19:48:06	5732be66-6322-48e9-a070-ae7fa97ce12d	GET	undefined	/css/style.css

20221016	19:48:06	39f638a1-adcd-4194-bd4f-d6e0598b13b6	GET	undefined	/img/amp.jpg

20221016	19:48:13	de89055e-6050-4470-9a3c-0cce28d1bed1	GET	undefined	/

20221016	19:48:13	09bc41c2-1513-4588-9ba1-4332298f9824	GET	undefined	/css/style.css

20221016	19:48:13	26cacec9-c143-4a66-9f39-8c63faf56b2a	GET	undefined	/img/amp.jpg

20221016	20:20:36	ef0bb151-d673-4b9c-b580-5cc09af5dfc8	GET	undefined	/

20221016	20:21:13	b259f787-a931-4f83-a600-7fd0302bec80	GET	undefined	/

20221016	20:21:33	88dfc050-3719-4e92-9163-b39cd21a59ba	GET	undefined	/

20221016	20:21:43	e22ad425-3e1d-4413-b4eb-fea87720741c	GET	undefined	/

20221016	20:21:44	49cb47dd-710b-43a0-88b7-a26496dbe246	GET	undefined	/

20221016	20:23:22	1e03a093-919a-4d35-a64c-c56731b19d19	GET	undefined	/

20221016	20:23:23	2c4571de-d9ee-4cca-99be-e2c5abd2edfe	GET	undefined	/

20221016	20:23:24	4923cd34-2db4-498a-887d-d27264621ada	GET	undefined	/

20221016	20:23:31	52cbe4f1-d111-4abf-ab61-5ca2f6eaf28f	GET	undefined	/

20221016	20:23:31	dcb25b4f-da36-4349-90f0-dffce9cb5251	GET	undefined	/

20221016	20:23:32	4303f511-2bb4-488e-81e2-3faeb9aca4f6	GET	undefined	/

20221016	20:23:32	d5f8e8d7-f4da-49d3-84c3-e75ec482a18c	GET	undefined	/

20221016	20:23:35	307fa4c5-0414-46e1-9a1f-8838ef6e3b70	GET	undefined	/

20221016	20:23:39	11115586-dcab-483f-b38d-8339dd29d8bc	GET	undefined	/

20221016	20:23:40	b2e7effb-e6c9-4011-8e66-a9f816c1c13c	GET	undefined	/

20221016	20:23:41	c3a37563-6170-4b82-a0f4-33fcf7b9a087	GET	undefined	/

20221016	20:24:45	84ccb953-52c4-428c-ab26-05e40cfc25ea	GET	undefined	/

20221016	20:24:45	400b767f-a945-4b28-943c-7b62e622d6da	GET	undefined	/img/amp.jpg

20221016	20:24:45	78065043-f388-497e-9e23-a0026123c0c4	GET	undefined	/css/style.css

20221016	20:24:46	37bdc0b4-f4ec-4e64-a4dd-f952bac5a2f5	GET	undefined	/

20221016	20:24:46	3e973577-11f1-4066-90dd-c8df933c29e1	GET	undefined	/css/style.css

20221016	20:24:46	bdceb17d-29ab-4b55-b75b-08e76ff4ba21	GET	undefined	/img/amp.jpg

20221016	20:29:49	304e3e04-2030-4741-94d4-0f7b73a57386	GET	undefined	/

20221016	20:29:49	c6552c45-ae38-4f06-b291-9fcbb91a2141	GET	undefined	/css/style.css

20221016	20:29:49	f0ab28df-33ed-419b-9dda-dff11cb87a4e	GET	undefined	/img/amp.jpg

20221016	20:29:53	71cf45f8-7ed3-4f90-acac-07c5e9eec85c	GET	undefined	/

20221016	20:29:53	5e7f3128-931d-42ff-a05c-0937b05a3b45	GET	undefined	/css/style.css

20221016	20:29:53	2eff9508-357d-44da-a91b-f19aef4c76cc	GET	undefined	/img/amp.jpg

20221016	20:32:04	a4f59f5f-3bfb-4628-beda-88a3c91d3005	GET	undefined	/

20221016	20:32:04	55de0843-81e5-49d2-b200-a3ea439de460	GET	undefined	/css/style.css

20221016	20:32:04	380d68d2-8e77-418a-85de-5080bb55e64a	GET	undefined	/img/amp.jpg

20221016	20:32:37	ae08411f-ec3b-4b5d-9797-a5d3d6653a03	GET	undefined	/

20221016	20:32:37	776493f2-1aa5-4346-a91d-6b4342395a66	Error: Not allowed by CORS

20221016	20:32:48	07b0442e-3d1c-4a84-80a0-680eaa5cfab8	GET	undefined	/

20221016	20:32:48	81e47dba-6cf9-4f8c-bd41-0f769d7e6536	Error: Not allowed by CORS

20221016	20:32:49	516cac67-013a-4441-833f-1d9393909658	GET	undefined	/

20221016	20:32:49	fbb820e1-73fa-4cba-a166-effaeb090851	Error: Not allowed by CORS

20221016	20:32:49	adc4092c-bf58-4c55-9fb5-81d5883396db	GET	undefined	/

20221016	20:32:49	00558d89-909f-4b88-b181-c5f06e066a65	Error: Not allowed by CORS

20221016	20:32:57	66e1c075-a28e-4006-bce0-ba70e418f57a	GET	undefined	/

20221016	20:32:57	e5745536-ac95-408f-9c3e-9df2b77a8e21	Error: Not allowed by CORS

20221016	20:33:21	56b19d19-75bf-45e1-8790-3918e17ebe8c	GET	undefined	/

20221016	20:33:21	7fd8b651-dc77-4f35-81ae-e42a1db89abe	GET	undefined	/css/style.css

20221016	20:33:21	adfbaace-6287-4222-8637-4485d1acda28	GET	undefined	/img/amp.jpg

20221016	20:34:57	251eead4-704c-4b2e-b926-e977b679d2a9	GET	undefined	/2

20221016	20:35:00	bc0af3f7-dd96-4f9e-bccf-0126a311fc9d	GET	undefined	/1

20221016	20:35:03	862b4102-4ce2-429f-abbd-fd956584f9d1	GET	undefined	/dave

20221016	20:35:07	6a7548d5-6c66-4046-9a97-d14fe1c05452	GET	undefined	/index

20221016	20:35:07	88965555-f3a2-41c4-98c4-ea2e95c6954d	GET	undefined	/img/amp.jpg

20221016	20:35:07	4d8d0fc8-af75-4fd4-a3cb-adc55cdf9201	GET	undefined	/css/style.css

20221016	20:37:58	5f67c61a-46ab-41d9-a455-cc570f989605	GET	undefined	/index

20221016	20:37:58	d20be1a9-1796-43b5-96e9-bcd594ce48c5	GET	undefined	/css/style.css

20221016	20:37:58	60bd4a65-5067-4f8f-be23-24333c350a8e	GET	undefined	/img/amp.jpg

20221016	20:39:35	ed2e8561-c301-4305-96c9-0fd9ded84877	GET	undefined	/index

20221016	20:39:35	ae1385ba-2baa-4419-9b78-3afc11526d2c	GET	undefined	/css/style.css

20221016	20:39:35	d4cb9e76-7afe-4611-afab-d344e174aba8	GET	undefined	/img/amp.jpg

20221016	20:39:36	2f456c50-445b-434b-bf52-06b80d770566	GET	undefined	/index

20221016	20:39:36	d50641a4-fcef-4b38-9a2c-9369ed40e638	GET	undefined	/css/style.css

20221016	20:39:36	4856d589-b7be-4b40-a548-4dc36dc7800e	GET	undefined	/img/amp.jpg

20221016	20:39:40	d278349f-0ab6-4502-95ef-2f33ce6d83dc	GET	undefined	/indexj

20221016	20:39:41	43131f10-8c8b-4d2a-bc8b-b4460e368a4b	GET	undefined	/css/style.css

20221016	20:54:27	0ebb2ff3-882f-4b6e-a8be-f5c4792842ae	GET	undefined	/test

20221016	20:55:57	9dccc46d-9c46-4eb3-bda8-d2c05f0b8105	GET	undefined	/index

20221016	21:00:17	492d56af-425e-4661-a65b-6f353fdedc0b	GET	undefined	/index/subdir

20221016	21:01:01	cf694be6-ae16-4754-8cd9-2fa4acbc3048	GET	undefined	/index/subdir

20221016	21:01:02	2b643be4-10ba-4786-a271-d13a71a084b1	GET	undefined	/index/subdir

20221016	21:01:19	2e7cbab3-c7d5-424f-a38a-2c08ccd308b3	GET	undefined	/index/subdir

20221016	21:01:20	77b4d135-e893-4d07-a584-f52885710fba	GET	undefined	/index/subdir

20221016	21:01:27	af09f248-8769-4d04-ab60-c7df9282d56f	GET	undefined	/index/subdir

20221016	21:02:37	0cbefc18-51a6-4d27-9eb8-f3ab318856ef	GET	undefined	/index/subdir

20221016	21:02:43	6a0ff199-920e-43d7-a068-bb50a7dd98b3	GET	undefined	/

20221016	21:04:10	3d505677-d01b-4766-a443-71f761872aa3	GET	undefined	/

20221016	21:04:10	5226b4e8-258a-4dcf-8f89-c783ec7b8dc1	GET	undefined	/img/amp.jpg

20221016	21:04:10	d06462ef-1ed0-42a6-bcdb-4a4ee749b410	GET	undefined	/css/style.css

20221016	21:04:16	0c337d01-44dc-42d3-a8c7-0886dbfe4d97	GET	undefined	/subdir/index

20221016	21:04:25	d0db0d67-417c-4355-88a8-abb4e839c0bb	GET	undefined	/subdir/index

20221016	21:04:38	eb32bdb0-fa74-42cb-9e79-e599d7d69252	GET	undefined	/subdir/test

20221016	21:06:40	916730a5-80fc-40b3-bf66-7ce047867483	GET	undefined	/subdir/index

20221016	21:06:41	4fe111c9-eb96-40b4-a1e6-71c87455b960	GET	undefined	/subdir/index

20221016	21:06:50	ece6cd89-fe95-4aad-8106-cbb4ebc0c503	GET	undefined	/

20221016	21:06:50	bfdf909a-8cb9-42a4-9207-461b08056e2a	GET	undefined	/css/style.css

20221016	21:06:50	8bf7053e-00e9-44da-bc89-7c2fb35969d5	GET	undefined	/img/amp.jpg

20221016	21:07:47	fb16c9ae-88e1-48fb-b0c7-e728e1ca893c	GET	undefined	/subdir/index

20221016	21:07:47	66770d8f-b8dd-4ac7-a5e0-55b2b35784c8	GET	undefined	/subdir/public/css/style.css

20221016	21:08:01	1550ed60-9afc-4e22-9f5d-459d1897f400	GET	undefined	/subdir/index

20221016	21:08:01	3e4e93b6-36c0-4590-b359-9c806e916ffe	GET	undefined	/subdir/css/style.css

20221016	21:08:56	a39a4312-06c5-4663-9ddf-cbbeeec91b01	GET	undefined	/subdir/index

20221016	21:08:56	0c9bd3d6-4ec0-4b5c-8b02-75d2b711b8a0	GET	undefined	/subdir/css/style.css

20221016	21:08:57	913ca059-0853-4764-b579-b19c193382aa	GET	undefined	/subdir/index

20221016	21:08:57	d2b64b0a-5f17-4ae3-90ca-6a0f71404398	GET	undefined	/subdir/css/style.css

20221016	21:19:27	46c509a4-1394-4dd6-bd26-b9c18e577e60	GET	undefined	/subdir/index

20221016	21:19:27	bfb9179e-2f23-419b-a57b-e4415f95b449	GET	undefined	/subdir/css/style.css

20221016	21:19:27	9d6286d7-3652-49e6-9318-86b655e3e766	GET	undefined	/subdir/img/amp.jpg

20221016	21:19:34	2c58db13-741c-4aee-993e-6a5503ef1f7a	GET	undefined	/subdir/index

20221016	21:19:34	27de5127-4343-4c1e-a590-cb7dcd097afd	GET	undefined	/subdir/css/style.css

20221016	21:19:34	bc6934b5-f385-49a0-84db-ce0dfd9aed59	GET	undefined	/subdir/img/amp.jpg

20221016	21:20:04	bf7b3662-ca9f-49d7-bf05-5a46ed2b1a7d	GET	undefined	/

20221016	21:20:04	3f99e313-bd99-46e4-be6f-682bc16ce57e	GET	undefined	/css/style.css

20221016	21:20:04	5602e89b-8406-4e03-abee-e739bb415076	GET	undefined	/img/amp.jpg

20221016	21:35:24	0d1b3613-95e0-4bcf-81d9-f0709958a5ff	GET	undefined	/

20221016	21:35:24	3e0d216a-372a-4f6e-8b6e-ab52c965823a	GET	undefined	/css/style.css

20221016	21:35:24	9af1f55d-c38d-41de-8be8-f6a51874dc11	GET	undefined	/img/amp.jpg

20221016	21:35:26	fb3f7192-2b43-4808-bb88-1ed1400503ed	GET	undefined	/

20221016	21:35:26	45dd6bfa-f424-4547-932e-d89096dc42f2	GET	undefined	/css/style.css

20221016	21:35:26	a0e475d6-3daa-4191-9555-416a76fd471c	GET	undefined	/img/amp.jpg

20221016	21:35:27	4f87aeca-04fc-4a9e-983b-2be8b3eab33d	GET	undefined	/

20221016	21:35:27	f72887bc-49e5-40ec-98e8-dc693b373aba	GET	undefined	/css/style.css

20221016	21:35:27	f1419a56-3da7-483d-8350-2d071317e9ea	GET	undefined	/img/amp.jpg

20221016	21:36:58	46cc5a78-6f5d-4791-9f27-942f7690ca71	GET	undefined	/

20221016	21:37:10	4cb1e0b5-2870-4bc8-91d3-7cd8da8ba4c9	GET	undefined	/users/1

20221016	21:37:13	212c5081-f0db-4892-9728-d12bd5b14d1e	GET	undefined	/users/2

20221016	21:37:15	7fb3eacb-69d7-4db4-868c-f8d19d54d90e	GET	undefined	/users/3

20221016	21:37:16	7caf9a0a-e1ba-4255-8fbe-68e17346175c	GET	undefined	/users/4

20221016	21:37:18	35660e39-021f-4321-8075-556d1312c069	GET	undefined	/users/2

20221016	21:37:19	c38a0742-fd2c-4d2c-a76f-774349e6ec0b	GET	undefined	/users/1

20221016	21:37:40	219eed4e-563f-49a3-9428-6ea031a41c5f	GET	undefined	/users/

20221016	21:38:14	763384e8-55d3-4bc6-ad9a-8d508a437f56	POST	undefined	/users/

20221016	21:38:22	dd3ec9d0-89bd-4eea-b1fc-8d4349f98659	POST	undefined	/users

20221016	21:38:53	69bfba74-5f59-4909-934c-e874dd5ae31e	POST	undefined	/users

20221016	21:38:53	52f2f907-c24c-43fb-a0d9-a12b3caa13af	SyntaxError: Unexpected token J in JSON at position 14

20221016	21:39:10	e22cffe4-72c7-4fbb-8745-7080a7b4f4cb	POST	undefined	/users

20221016	21:39:10	ade30a55-c10f-45c8-bcb3-bb15f2f0b032	SyntaxError: Unexpected token J in JSON at position 14

20221016	21:39:19	fe189ede-6033-41e0-a1f8-707792f2c8e4	POST	undefined	/users

20221016	21:39:38	51d636b2-a005-4a07-8263-6a5e4e994409	PUT	undefined	/users

20221016	21:39:39	b4fc9821-6c48-426c-b966-ec65593c0178	PUT	undefined	/users

20221016	21:39:40	77d68487-56c7-4007-9987-f1f67650a358	PUT	undefined	/users

